[debug] [2022-03-08T21:12:55.577Z] ----------------------------------------------------------------------
[debug] [2022-03-08T21:12:55.579Z] Command:       C:\Program Files\nodejs\node.exe C:\Users\32476\AppData\Roaming\npm\node_modules\firebase-tools\lib\bin\firebase.js deploy
[debug] [2022-03-08T21:12:55.579Z] CLI Version:   10.2.2
[debug] [2022-03-08T21:12:55.579Z] Platform:      win32
[debug] [2022-03-08T21:12:55.579Z] Node Version:  v14.16.0
[debug] [2022-03-08T21:12:55.580Z] Time:          Tue Mar 08 2022 22:12:55 GMT+0100 (Midden-Europese standaardtijd)
[debug] [2022-03-08T21:12:55.580Z] ----------------------------------------------------------------------
[debug] 
[debug] [2022-03-08T21:12:55.638Z] > command requires scopes: ["email","openid","https://www.googleapis.com/auth/cloudplatformprojects.readonly","https://www.googleapis.com/auth/firebase","https://www.googleapis.com/auth/cloud-platform"]
[debug] [2022-03-08T21:12:55.638Z] > authorizing via signed-in user (xemmelinex.martens@gmail.com)
[debug] [2022-03-08T21:12:55.638Z] [iam] checking project portfolio-emmeline-martens-en for permissions ["firebase.projects.get","firebasehosting.sites.update"]
[debug] [2022-03-08T21:12:55.640Z] >>> [apiv2][query] POST https://cloudresourcemanager.googleapis.com/v1/projects/portfolio-emmeline-martens-en:testIamPermissions [none]
[debug] [2022-03-08T21:12:55.641Z] >>> [apiv2][body] POST https://cloudresourcemanager.googleapis.com/v1/projects/portfolio-emmeline-martens-en:testIamPermissions {"permissions":["firebase.projects.get","firebasehosting.sites.update"]}
[debug] [2022-03-08T21:12:56.277Z] <<< [apiv2][status] POST https://cloudresourcemanager.googleapis.com/v1/projects/portfolio-emmeline-martens-en:testIamPermissions 200
[debug] [2022-03-08T21:12:56.277Z] <<< [apiv2][body] POST https://cloudresourcemanager.googleapis.com/v1/projects/portfolio-emmeline-martens-en:testIamPermissions {"permissions":["firebase.projects.get","firebasehosting.sites.update"]}
[debug] [2022-03-08T21:12:56.278Z] >>> [apiv2][query] GET https://firebase.googleapis.com/v1beta1/projects/portfolio-emmeline-martens-en [none]
[debug] [2022-03-08T21:12:56.494Z] <<< [apiv2][status] GET https://firebase.googleapis.com/v1beta1/projects/portfolio-emmeline-martens-en 200
[debug] [2022-03-08T21:12:56.494Z] <<< [apiv2][body] GET https://firebase.googleapis.com/v1beta1/projects/portfolio-emmeline-martens-en {"projectId":"portfolio-emmeline-martens-en","projectNumber":"285673172870","displayName":"portfolio-Emmeline-Martens-EN","name":"projects/portfolio-emmeline-martens-en","resources":{"hostingSite":"portfolio-emmeline-martens-en"},"state":"ACTIVE"}
[info] 
[info] === Deploying to 'portfolio-emmeline-martens-en'...
[info] 
[info] i  deploying hosting 
[debug] [2022-03-08T21:12:56.496Z] >>> [apiv2][query] GET https://firebase.googleapis.com/v1beta1/projects/portfolio-emmeline-martens-en [none]
[debug] [2022-03-08T21:12:56.694Z] <<< [apiv2][status] GET https://firebase.googleapis.com/v1beta1/projects/portfolio-emmeline-martens-en 200
[debug] [2022-03-08T21:12:56.694Z] <<< [apiv2][body] GET https://firebase.googleapis.com/v1beta1/projects/portfolio-emmeline-martens-en {"projectId":"portfolio-emmeline-martens-en","projectNumber":"285673172870","displayName":"portfolio-Emmeline-Martens-EN","name":"projects/portfolio-emmeline-martens-en","resources":{"hostingSite":"portfolio-emmeline-martens-en"},"state":"ACTIVE"}
[debug] [2022-03-08T21:12:56.695Z] >>> [apiv2][query] POST https://firebasehosting.googleapis.com/v1beta1/projects/285673172870/sites/portfolio-emmeline-martens-en/versions [none]
[debug] [2022-03-08T21:12:56.696Z] >>> [apiv2][body] POST https://firebasehosting.googleapis.com/v1beta1/projects/285673172870/sites/portfolio-emmeline-martens-en/versions {"config":{},"labels":{"deployment-tool":"cli-firebase"}}
[debug] [2022-03-08T21:12:59.943Z] <<< [apiv2][status] POST https://firebasehosting.googleapis.com/v1beta1/projects/285673172870/sites/portfolio-emmeline-martens-en/versions 200
[debug] [2022-03-08T21:12:59.943Z] <<< [apiv2][body] POST https://firebasehosting.googleapis.com/v1beta1/projects/285673172870/sites/portfolio-emmeline-martens-en/versions {"name":"projects/285673172870/sites/portfolio-emmeline-martens-en/versions/0bfa3df9e3718e26","status":"CREATED","config":{},"labels":{"deployment-tool":"cli-firebase"}}
[info] i  hosting[portfolio-emmeline-martens-en]: beginning deploy... 
[info] i  hosting[portfolio-emmeline-martens-en]: found 27 files in dist 
[debug] [2022-03-08T21:12:59.959Z] [hosting] hash cache [ZGlzdA] not populated
[debug] [2022-03-08T21:13:06.222Z] [hosting] hash cache [ZGlzdA] stored for 27 files
[debug] [2022-03-08T21:13:06.223Z] [hosting][hash queue][FINAL] {"max":6253,"min":13,"avg":764.4444444444445,"active":0,"complete":27,"success":27,"errored":0,"retried":0,"total":27,"elapsed":6263}
[debug] [2022-03-08T21:13:06.224Z] >>> [apiv2][query] POST https://firebasehosting.googleapis.com/v1beta1/projects/285673172870/sites/portfolio-emmeline-martens-en/versions/0bfa3df9e3718e26:populateFiles [none]
[debug] [2022-03-08T21:13:06.224Z] >>> [apiv2][body] POST https://firebasehosting.googleapis.com/v1beta1/projects/285673172870/sites/portfolio-emmeline-martens-en/versions/0bfa3df9e3718e26:populateFiles {"files":{"/index.html":"1d49ca9cba7e05427ec50089209580941bfabe75c8df1394feb52081daba12f7","/3D_models/purpleplanet/purpleplanet.gltf":"d55824270958f2e00d6bce75a9ed094637ca70b4a12851be84c1974ef949bd06","/3D_models/purpleplanet/textures/PurplePlanet_metallicRoughness.png":"c7e001ad1bcb44a6277a07ce2f1a15e5fce41d792b7b6ffe66ab01a64b75d440","/assets/AFYAlogo.09d70154.jpg":"6bb9d4c4364eedae98e920e8b649d2da241623990acb80849ee0c6fb2cb6d256","/assets/index.2e43f8b5.css":"10cbeb16077a6ff49845eda5ec9a5a7e888ff74570479d4f1721601ec56ec81e","/assets/index.3cd7feeb.js":"91995bb251955367637bdfae9dfa60901bb65d9b542a98aee94a21f483307a46","/JS/slideshow.js":"32e9a9906a704a5889a4d069c23ad5215d7174a7419d9c40344d354141001677","/assets/kazou.ac39b853.png":"61e3d89f646c5f5167d594cf086022e68c7f2b8696889b887e010282dd64fe0d","/assets/stuvers.7a549bf1.jpg":"d5f35d5d929fb890d9fa99dd4a78e572223f534f55e5e353ca5a544d34fb6e1e","/assets/ideekidslogo.502e171c.png":"02dc46af3b1515b38299576da7d7bd9b48d25d55b0a51c6974dd5b30126992fc","/assets/Emmeline Martens.dada1911.jpg":"fcd7c6259a4b00dca41619e6a9175c07bbe79048c0f51fcd76d4bf692623bb9d","/3D_models/purpleplanet/scene.bin":"700854ff31fe916ee5c4007a7807e0464b26e2c09dc00c7591bcffa60265a981","/assets/vendor.c79376a4.js":"50b382e60f936c519a47bcdc7e0fd539fcb6f98ae04471d9c86de75009110abe","/Emmeline.jpg":"e41f0b41ad3df5449e874a6ff515fb8b1d4f772802623e3ce08ca89446a0e030","/3D_models/purpleplanet/textures/Clouds_1_baseColor.png":"7f76636cda6c016800f236c8d0b9ef0d418164df1b825058536f6df106609ab8","/3D_models/purpleplanet/textures/Clouds_0_baseColor.png":"713686390d4f8e0e22d91b99dffaa37145e141d0096d1f9f6bd859da8576b11a","/assets/PoliceThiefGame.2ab255cb.mp4":"624763f42ba61ce251c59153f6c14f58588aaf668c27c73ee682493b3cd8fe1c","/audio/comet.mp3":"a7a41206df49a143dd54af1f1db3dd1588c3f6f1e910c3d5ac1d8e8822395723","/3D_models/purpleplanet/textures/Clouds_1_normal.png":"941bfd095929ae4e0af7e45d94ff6d84432e4c3fba3b4c22d7693d3422184fa5","/galaxy.jpg":"e86ada00b85341de13cb504990b74dd4a528fc00ded83421c7bff2accdae49ee","/3D_models/purpleplanet/textures/Clouds_0_normal.png":"8de104f3bc1d67e3f5a46a27de130b47aaf002a60159d1afcdc42db3e1173135","/3D_models/purpleplanet/textures/PurplePlanet_normal.png":"e8ed86d5492ea32e5b4bdbd2b87f52f00642714a28b3df7723e2d7413252baaa","/3D_models/purpleplanet/textures/PurplePlanet_baseColor.png":"66092d5ba636179222ce4e2363236156478b8bfa6cb1606d9493994df64d9342","/assets/showcase_AR_city_explore_game.c4a67b6e.mp4":"b61b69cdab28d95c4cf80f71ef6874cad4a6572c11ee83df7267eb6995c805cd","/assets/Campus_REACT.5fd3d282.mp4":"4692f549d56fbc552d9121fdd25870f71c821632c41238222ccb510ce6fe0a47","/assets/AR_Event_Helper.32e135e9.mp4":"334d8e7f26fbb2b4b4ad86a8e4c6d8b29a7c7fced4be358cbb406d9a8e8369cf","/assets/Snoepverkoop.99a633db.mp4":"bdc0f55fdb8a528a904d6bd36c7f6b54f1f5d06d138d5f3ec27fe14fe8e26a7f"}}
[debug] [2022-03-08T21:13:07.173Z] <<< [apiv2][status] POST https://firebasehosting.googleapis.com/v1beta1/projects/285673172870/sites/portfolio-emmeline-martens-en/versions/0bfa3df9e3718e26:populateFiles 200
[debug] [2022-03-08T21:13:07.174Z] <<< [apiv2][body] POST https://firebasehosting.googleapis.com/v1beta1/projects/285673172870/sites/portfolio-emmeline-martens-en/versions/0bfa3df9e3718e26:populateFiles {"uploadRequiredHashes":["d5f35d5d929fb890d9fa99dd4a78e572223f534f55e5e353ca5a544d34fb6e1e","4692f549d56fbc552d9121fdd25870f71c821632c41238222ccb510ce6fe0a47","1d49ca9cba7e05427ec50089209580941bfabe75c8df1394feb52081daba12f7","e8ed86d5492ea32e5b4bdbd2b87f52f00642714a28b3df7723e2d7413252baaa","fcd7c6259a4b00dca41619e6a9175c07bbe79048c0f51fcd76d4bf692623bb9d","e41f0b41ad3df5449e874a6ff515fb8b1d4f772802623e3ce08ca89446a0e030","8de104f3bc1d67e3f5a46a27de130b47aaf002a60159d1afcdc42db3e1173135","624763f42ba61ce251c59153f6c14f58588aaf668c27c73ee682493b3cd8fe1c","02dc46af3b1515b38299576da7d7bd9b48d25d55b0a51c6974dd5b30126992fc","e86ada00b85341de13cb504990b74dd4a528fc00ded83421c7bff2accdae49ee","bdc0f55fdb8a528a904d6bd36c7f6b54f1f5d06d138d5f3ec27fe14fe8e26a7f","713686390d4f8e0e22d91b99dffaa37145e141d0096d1f9f6bd859da8576b11a","c7e001ad1bcb44a6277a07ce2f1a15e5fce41d792b7b6ffe66ab01a64b75d440","d55824270958f2e00d6bce75a9ed094637ca70b4a12851be84c1974ef949bd06","a7a41206df49a143dd54af1f1db3dd1588c3f6f1e910c3d5ac1d8e8822395723","66092d5ba636179222ce4e2363236156478b8bfa6cb1606d9493994df64d9342","91995bb251955367637bdfae9dfa60901bb65d9b542a98aee94a21f483307a46","b61b69cdab28d95c4cf80f71ef6874cad4a6572c11ee83df7267eb6995c805cd","32e9a9906a704a5889a4d069c23ad5215d7174a7419d9c40344d354141001677","941bfd095929ae4e0af7e45d94ff6d84432e4c3fba3b4c22d7693d3422184fa5","50b382e60f936c519a47bcdc7e0fd539fcb6f98ae04471d9c86de75009110abe","6bb9d4c4364eedae98e920e8b649d2da241623990acb80849ee0c6fb2cb6d256","10cbeb16077a6ff49845eda5ec9a5a7e888ff74570479d4f1721601ec56ec81e","700854ff31fe916ee5c4007a7807e0464b26e2c09dc00c7591bcffa60265a981","61e3d89f646c5f5167d594cf086022e68c7f2b8696889b887e010282dd64fe0d","7f76636cda6c016800f236c8d0b9ef0d418164df1b825058536f6df106609ab8","334d8e7f26fbb2b4b4ad86a8e4c6d8b29a7c7fced4be358cbb406d9a8e8369cf"],"uploadUrl":"https://upload-firebasehosting.googleapis.com/upload/sites/portfolio-emmeline-martens-en/versions/0bfa3df9e3718e26/files"}
[debug] [2022-03-08T21:13:07.178Z] >>> [apiv2][query] POST https://upload-firebasehosting.googleapis.com/upload/sites/portfolio-emmeline-martens-en/versions/0bfa3df9e3718e26/files/d5f35d5d929fb890d9fa99dd4a78e572223f534f55e5e353ca5a544d34fb6e1e [none]
[debug] [2022-03-08T21:13:07.178Z] >>> [apiv2][body] POST https://upload-firebasehosting.googleapis.com/upload/sites/portfolio-emmeline-martens-en/versions/0bfa3df9e3718e26/files/d5f35d5d929fb890d9fa99dd4a78e572223f534f55e5e353ca5a544d34fb6e1e [stream]
[debug] [2022-03-08T21:13:07.179Z] >>> [apiv2][query] POST https://upload-firebasehosting.googleapis.com/upload/sites/portfolio-emmeline-martens-en/versions/0bfa3df9e3718e26/files/4692f549d56fbc552d9121fdd25870f71c821632c41238222ccb510ce6fe0a47 [none]
[debug] [2022-03-08T21:13:07.179Z] >>> [apiv2][body] POST https://upload-firebasehosting.googleapis.com/upload/sites/portfolio-emmeline-martens-en/versions/0bfa3df9e3718e26/files/4692f549d56fbc552d9121fdd25870f71c821632c41238222ccb510ce6fe0a47 [stream]
[debug] [2022-03-08T21:13:07.180Z] >>> [apiv2][query] POST https://upload-firebasehosting.googleapis.com/upload/sites/portfolio-emmeline-martens-en/versions/0bfa3df9e3718e26/files/1d49ca9cba7e05427ec50089209580941bfabe75c8df1394feb52081daba12f7 [none]
[debug] [2022-03-08T21:13:07.180Z] >>> [apiv2][body] POST https://upload-firebasehosting.googleapis.com/upload/sites/portfolio-emmeline-martens-en/versions/0bfa3df9e3718e26/files/1d49ca9cba7e05427ec50089209580941bfabe75c8df1394feb52081daba12f7 [stream]
[debug] [2022-03-08T21:13:07.180Z] >>> [apiv2][query] POST https://upload-firebasehosting.googleapis.com/upload/sites/portfolio-emmeline-martens-en/versions/0bfa3df9e3718e26/files/e8ed86d5492ea32e5b4bdbd2b87f52f00642714a28b3df7723e2d7413252baaa [none]
[debug] [2022-03-08T21:13:07.180Z] >>> [apiv2][body] POST https://upload-firebasehosting.googleapis.com/upload/sites/portfolio-emmeline-martens-en/versions/0bfa3df9e3718e26/files/e8ed86d5492ea32e5b4bdbd2b87f52f00642714a28b3df7723e2d7413252baaa [stream]
[debug] [2022-03-08T21:13:07.181Z] >>> [apiv2][query] POST https://upload-firebasehosting.googleapis.com/upload/sites/portfolio-emmeline-martens-en/versions/0bfa3df9e3718e26/files/fcd7c6259a4b00dca41619e6a9175c07bbe79048c0f51fcd76d4bf692623bb9d [none]
[debug] [2022-03-08T21:13:07.181Z] >>> [apiv2][body] POST https://upload-firebasehosting.googleapis.com/upload/sites/portfolio-emmeline-martens-en/versions/0bfa3df9e3718e26/files/fcd7c6259a4b00dca41619e6a9175c07bbe79048c0f51fcd76d4bf692623bb9d [stream]
[debug] [2022-03-08T21:13:07.181Z] >>> [apiv2][query] POST https://upload-firebasehosting.googleapis.com/upload/sites/portfolio-emmeline-martens-en/versions/0bfa3df9e3718e26/files/e41f0b41ad3df5449e874a6ff515fb8b1d4f772802623e3ce08ca89446a0e030 [none]
[debug] [2022-03-08T21:13:07.181Z] >>> [apiv2][body] POST https://upload-firebasehosting.googleapis.com/upload/sites/portfolio-emmeline-martens-en/versions/0bfa3df9e3718e26/files/e41f0b41ad3df5449e874a6ff515fb8b1d4f772802623e3ce08ca89446a0e030 [stream]
[debug] [2022-03-08T21:13:07.182Z] >>> [apiv2][query] POST https://upload-firebasehosting.googleapis.com/upload/sites/portfolio-emmeline-martens-en/versions/0bfa3df9e3718e26/files/8de104f3bc1d67e3f5a46a27de130b47aaf002a60159d1afcdc42db3e1173135 [none]
[debug] [2022-03-08T21:13:07.182Z] >>> [apiv2][body] POST https://upload-firebasehosting.googleapis.com/upload/sites/portfolio-emmeline-martens-en/versions/0bfa3df9e3718e26/files/8de104f3bc1d67e3f5a46a27de130b47aaf002a60159d1afcdc42db3e1173135 [stream]
[debug] [2022-03-08T21:13:07.183Z] >>> [apiv2][query] POST https://upload-firebasehosting.googleapis.com/upload/sites/portfolio-emmeline-martens-en/versions/0bfa3df9e3718e26/files/624763f42ba61ce251c59153f6c14f58588aaf668c27c73ee682493b3cd8fe1c [none]
[debug] [2022-03-08T21:13:07.183Z] >>> [apiv2][body] POST https://upload-firebasehosting.googleapis.com/upload/sites/portfolio-emmeline-martens-en/versions/0bfa3df9e3718e26/files/624763f42ba61ce251c59153f6c14f58588aaf668c27c73ee682493b3cd8fe1c [stream]
[debug] [2022-03-08T21:13:07.183Z] >>> [apiv2][query] POST https://upload-firebasehosting.googleapis.com/upload/sites/portfolio-emmeline-martens-en/versions/0bfa3df9e3718e26/files/02dc46af3b1515b38299576da7d7bd9b48d25d55b0a51c6974dd5b30126992fc [none]
[debug] [2022-03-08T21:13:07.183Z] >>> [apiv2][body] POST https://upload-firebasehosting.googleapis.com/upload/sites/portfolio-emmeline-martens-en/versions/0bfa3df9e3718e26/files/02dc46af3b1515b38299576da7d7bd9b48d25d55b0a51c6974dd5b30126992fc [stream]
[debug] [2022-03-08T21:13:07.184Z] >>> [apiv2][query] POST https://upload-firebasehosting.googleapis.com/upload/sites/portfolio-emmeline-martens-en/versions/0bfa3df9e3718e26/files/e86ada00b85341de13cb504990b74dd4a528fc00ded83421c7bff2accdae49ee [none]
[debug] [2022-03-08T21:13:07.184Z] >>> [apiv2][body] POST https://upload-firebasehosting.googleapis.com/upload/sites/portfolio-emmeline-martens-en/versions/0bfa3df9e3718e26/files/e86ada00b85341de13cb504990b74dd4a528fc00ded83421c7bff2accdae49ee [stream]
[debug] [2022-03-08T21:13:07.185Z] >>> [apiv2][query] POST https://upload-firebasehosting.googleapis.com/upload/sites/portfolio-emmeline-martens-en/versions/0bfa3df9e3718e26/files/bdc0f55fdb8a528a904d6bd36c7f6b54f1f5d06d138d5f3ec27fe14fe8e26a7f [none]
[debug] [2022-03-08T21:13:07.185Z] >>> [apiv2][body] POST https://upload-firebasehosting.googleapis.com/upload/sites/portfolio-emmeline-martens-en/versions/0bfa3df9e3718e26/files/bdc0f55fdb8a528a904d6bd36c7f6b54f1f5d06d138d5f3ec27fe14fe8e26a7f [stream]
[debug] [2022-03-08T21:13:07.185Z] >>> [apiv2][query] POST https://upload-firebasehosting.googleapis.com/upload/sites/portfolio-emmeline-martens-en/versions/0bfa3df9e3718e26/files/713686390d4f8e0e22d91b99dffaa37145e141d0096d1f9f6bd859da8576b11a [none]
[debug] [2022-03-08T21:13:07.185Z] >>> [apiv2][body] POST https://upload-firebasehosting.googleapis.com/upload/sites/portfolio-emmeline-martens-en/versions/0bfa3df9e3718e26/files/713686390d4f8e0e22d91b99dffaa37145e141d0096d1f9f6bd859da8576b11a [stream]
[debug] [2022-03-08T21:13:07.186Z] >>> [apiv2][query] POST https://upload-firebasehosting.googleapis.com/upload/sites/portfolio-emmeline-martens-en/versions/0bfa3df9e3718e26/files/c7e001ad1bcb44a6277a07ce2f1a15e5fce41d792b7b6ffe66ab01a64b75d440 [none]
[debug] [2022-03-08T21:13:07.186Z] >>> [apiv2][body] POST https://upload-firebasehosting.googleapis.com/upload/sites/portfolio-emmeline-martens-en/versions/0bfa3df9e3718e26/files/c7e001ad1bcb44a6277a07ce2f1a15e5fce41d792b7b6ffe66ab01a64b75d440 [stream]
[debug] [2022-03-08T21:13:07.186Z] >>> [apiv2][query] POST https://upload-firebasehosting.googleapis.com/upload/sites/portfolio-emmeline-martens-en/versions/0bfa3df9e3718e26/files/d55824270958f2e00d6bce75a9ed094637ca70b4a12851be84c1974ef949bd06 [none]
[debug] [2022-03-08T21:13:07.186Z] >>> [apiv2][body] POST https://upload-firebasehosting.googleapis.com/upload/sites/portfolio-emmeline-martens-en/versions/0bfa3df9e3718e26/files/d55824270958f2e00d6bce75a9ed094637ca70b4a12851be84c1974ef949bd06 [stream]
[debug] [2022-03-08T21:13:07.188Z] >>> [apiv2][query] POST https://upload-firebasehosting.googleapis.com/upload/sites/portfolio-emmeline-martens-en/versions/0bfa3df9e3718e26/files/a7a41206df49a143dd54af1f1db3dd1588c3f6f1e910c3d5ac1d8e8822395723 [none]
[debug] [2022-03-08T21:13:07.188Z] >>> [apiv2][body] POST https://upload-firebasehosting.googleapis.com/upload/sites/portfolio-emmeline-martens-en/versions/0bfa3df9e3718e26/files/a7a41206df49a143dd54af1f1db3dd1588c3f6f1e910c3d5ac1d8e8822395723 [stream]
[debug] [2022-03-08T21:13:07.189Z] >>> [apiv2][query] POST https://upload-firebasehosting.googleapis.com/upload/sites/portfolio-emmeline-martens-en/versions/0bfa3df9e3718e26/files/66092d5ba636179222ce4e2363236156478b8bfa6cb1606d9493994df64d9342 [none]
[debug] [2022-03-08T21:13:07.189Z] >>> [apiv2][body] POST https://upload-firebasehosting.googleapis.com/upload/sites/portfolio-emmeline-martens-en/versions/0bfa3df9e3718e26/files/66092d5ba636179222ce4e2363236156478b8bfa6cb1606d9493994df64d9342 [stream]
[debug] [2022-03-08T21:13:07.189Z] >>> [apiv2][query] POST https://upload-firebasehosting.googleapis.com/upload/sites/portfolio-emmeline-martens-en/versions/0bfa3df9e3718e26/files/91995bb251955367637bdfae9dfa60901bb65d9b542a98aee94a21f483307a46 [none]
[debug] [2022-03-08T21:13:07.189Z] >>> [apiv2][body] POST https://upload-firebasehosting.googleapis.com/upload/sites/portfolio-emmeline-martens-en/versions/0bfa3df9e3718e26/files/91995bb251955367637bdfae9dfa60901bb65d9b542a98aee94a21f483307a46 [stream]
[debug] [2022-03-08T21:13:07.190Z] >>> [apiv2][query] POST https://upload-firebasehosting.googleapis.com/upload/sites/portfolio-emmeline-martens-en/versions/0bfa3df9e3718e26/files/b61b69cdab28d95c4cf80f71ef6874cad4a6572c11ee83df7267eb6995c805cd [none]
[debug] [2022-03-08T21:13:07.190Z] >>> [apiv2][body] POST https://upload-firebasehosting.googleapis.com/upload/sites/portfolio-emmeline-martens-en/versions/0bfa3df9e3718e26/files/b61b69cdab28d95c4cf80f71ef6874cad4a6572c11ee83df7267eb6995c805cd [stream]
[debug] [2022-03-08T21:13:07.190Z] >>> [apiv2][query] POST https://upload-firebasehosting.googleapis.com/upload/sites/portfolio-emmeline-martens-en/versions/0bfa3df9e3718e26/files/32e9a9906a704a5889a4d069c23ad5215d7174a7419d9c40344d354141001677 [none]
[debug] [2022-03-08T21:13:07.190Z] >>> [apiv2][body] POST https://upload-firebasehosting.googleapis.com/upload/sites/portfolio-emmeline-martens-en/versions/0bfa3df9e3718e26/files/32e9a9906a704a5889a4d069c23ad5215d7174a7419d9c40344d354141001677 [stream]
[debug] [2022-03-08T21:13:07.191Z] >>> [apiv2][query] POST https://upload-firebasehosting.googleapis.com/upload/sites/portfolio-emmeline-martens-en/versions/0bfa3df9e3718e26/files/941bfd095929ae4e0af7e45d94ff6d84432e4c3fba3b4c22d7693d3422184fa5 [none]
[debug] [2022-03-08T21:13:07.191Z] >>> [apiv2][body] POST https://upload-firebasehosting.googleapis.com/upload/sites/portfolio-emmeline-martens-en/versions/0bfa3df9e3718e26/files/941bfd095929ae4e0af7e45d94ff6d84432e4c3fba3b4c22d7693d3422184fa5 [stream]
[debug] [2022-03-08T21:13:07.191Z] >>> [apiv2][query] POST https://upload-firebasehosting.googleapis.com/upload/sites/portfolio-emmeline-martens-en/versions/0bfa3df9e3718e26/files/50b382e60f936c519a47bcdc7e0fd539fcb6f98ae04471d9c86de75009110abe [none]
[debug] [2022-03-08T21:13:07.191Z] >>> [apiv2][body] POST https://upload-firebasehosting.googleapis.com/upload/sites/portfolio-emmeline-martens-en/versions/0bfa3df9e3718e26/files/50b382e60f936c519a47bcdc7e0fd539fcb6f98ae04471d9c86de75009110abe [stream]
[debug] [2022-03-08T21:13:07.192Z] >>> [apiv2][query] POST https://upload-firebasehosting.googleapis.com/upload/sites/portfolio-emmeline-martens-en/versions/0bfa3df9e3718e26/files/6bb9d4c4364eedae98e920e8b649d2da241623990acb80849ee0c6fb2cb6d256 [none]
[debug] [2022-03-08T21:13:07.192Z] >>> [apiv2][body] POST https://upload-firebasehosting.googleapis.com/upload/sites/portfolio-emmeline-martens-en/versions/0bfa3df9e3718e26/files/6bb9d4c4364eedae98e920e8b649d2da241623990acb80849ee0c6fb2cb6d256 [stream]
[debug] [2022-03-08T21:13:07.192Z] >>> [apiv2][query] POST https://upload-firebasehosting.googleapis.com/upload/sites/portfolio-emmeline-martens-en/versions/0bfa3df9e3718e26/files/10cbeb16077a6ff49845eda5ec9a5a7e888ff74570479d4f1721601ec56ec81e [none]
[debug] [2022-03-08T21:13:07.192Z] >>> [apiv2][body] POST https://upload-firebasehosting.googleapis.com/upload/sites/portfolio-emmeline-martens-en/versions/0bfa3df9e3718e26/files/10cbeb16077a6ff49845eda5ec9a5a7e888ff74570479d4f1721601ec56ec81e [stream]
[debug] [2022-03-08T21:13:07.193Z] >>> [apiv2][query] POST https://upload-firebasehosting.googleapis.com/upload/sites/portfolio-emmeline-martens-en/versions/0bfa3df9e3718e26/files/700854ff31fe916ee5c4007a7807e0464b26e2c09dc00c7591bcffa60265a981 [none]
[debug] [2022-03-08T21:13:07.193Z] >>> [apiv2][body] POST https://upload-firebasehosting.googleapis.com/upload/sites/portfolio-emmeline-martens-en/versions/0bfa3df9e3718e26/files/700854ff31fe916ee5c4007a7807e0464b26e2c09dc00c7591bcffa60265a981 [stream]
[debug] [2022-03-08T21:13:07.193Z] >>> [apiv2][query] POST https://upload-firebasehosting.googleapis.com/upload/sites/portfolio-emmeline-martens-en/versions/0bfa3df9e3718e26/files/61e3d89f646c5f5167d594cf086022e68c7f2b8696889b887e010282dd64fe0d [none]
[debug] [2022-03-08T21:13:07.193Z] >>> [apiv2][body] POST https://upload-firebasehosting.googleapis.com/upload/sites/portfolio-emmeline-martens-en/versions/0bfa3df9e3718e26/files/61e3d89f646c5f5167d594cf086022e68c7f2b8696889b887e010282dd64fe0d [stream]
[debug] [2022-03-08T21:13:07.194Z] >>> [apiv2][query] POST https://upload-firebasehosting.googleapis.com/upload/sites/portfolio-emmeline-martens-en/versions/0bfa3df9e3718e26/files/7f76636cda6c016800f236c8d0b9ef0d418164df1b825058536f6df106609ab8 [none]
[debug] [2022-03-08T21:13:07.194Z] >>> [apiv2][body] POST https://upload-firebasehosting.googleapis.com/upload/sites/portfolio-emmeline-martens-en/versions/0bfa3df9e3718e26/files/7f76636cda6c016800f236c8d0b9ef0d418164df1b825058536f6df106609ab8 [stream]
[debug] [2022-03-08T21:13:07.195Z] >>> [apiv2][query] POST https://upload-firebasehosting.googleapis.com/upload/sites/portfolio-emmeline-martens-en/versions/0bfa3df9e3718e26/files/334d8e7f26fbb2b4b4ad86a8e4c6d8b29a7c7fced4be358cbb406d9a8e8369cf [none]
[debug] [2022-03-08T21:13:07.195Z] >>> [apiv2][body] POST https://upload-firebasehosting.googleapis.com/upload/sites/portfolio-emmeline-martens-en/versions/0bfa3df9e3718e26/files/334d8e7f26fbb2b4b4ad86a8e4c6d8b29a7c7fced4be358cbb406d9a8e8369cf [stream]
[debug] [2022-03-08T21:13:07.195Z] [hosting][populate queue][FINAL] {"max":960,"min":960,"avg":960,"active":0,"complete":1,"success":1,"errored":0,"retried":0,"total":1,"elapsed":977}
[debug] [2022-03-08T21:13:07.195Z] [hosting] uploads queued: 27
[debug] [2022-03-08T21:13:08.190Z] <<< [apiv2][status] POST https://upload-firebasehosting.googleapis.com/upload/sites/portfolio-emmeline-martens-en/versions/0bfa3df9e3718e26/files/d55824270958f2e00d6bce75a9ed094637ca70b4a12851be84c1974ef949bd06 200
[debug] [2022-03-08T21:13:08.190Z] <<< [apiv2][body] POST https://upload-firebasehosting.googleapis.com/upload/sites/portfolio-emmeline-martens-en/versions/0bfa3df9e3718e26/files/d55824270958f2e00d6bce75a9ed094637ca70b4a12851be84c1974ef949bd06 [stream]
[debug] [2022-03-08T21:13:08.426Z] <<< [apiv2][status] POST https://upload-firebasehosting.googleapis.com/upload/sites/portfolio-emmeline-martens-en/versions/0bfa3df9e3718e26/files/91995bb251955367637bdfae9dfa60901bb65d9b542a98aee94a21f483307a46 200
[debug] [2022-03-08T21:13:08.426Z] <<< [apiv2][body] POST https://upload-firebasehosting.googleapis.com/upload/sites/portfolio-emmeline-martens-en/versions/0bfa3df9e3718e26/files/91995bb251955367637bdfae9dfa60901bb65d9b542a98aee94a21f483307a46 [stream]
[debug] [2022-03-08T21:13:08.699Z] <<< [apiv2][status] POST https://upload-firebasehosting.googleapis.com/upload/sites/portfolio-emmeline-martens-en/versions/0bfa3df9e3718e26/files/61e3d89f646c5f5167d594cf086022e68c7f2b8696889b887e010282dd64fe0d 200
[debug] [2022-03-08T21:13:08.699Z] <<< [apiv2][body] POST https://upload-firebasehosting.googleapis.com/upload/sites/portfolio-emmeline-martens-en/versions/0bfa3df9e3718e26/files/61e3d89f646c5f5167d594cf086022e68c7f2b8696889b887e010282dd64fe0d [stream]
[debug] [2022-03-08T21:13:08.699Z] <<< [apiv2][status] POST https://upload-firebasehosting.googleapis.com/upload/sites/portfolio-emmeline-martens-en/versions/0bfa3df9e3718e26/files/c7e001ad1bcb44a6277a07ce2f1a15e5fce41d792b7b6ffe66ab01a64b75d440 200
[debug] [2022-03-08T21:13:08.699Z] <<< [apiv2][body] POST https://upload-firebasehosting.googleapis.com/upload/sites/portfolio-emmeline-martens-en/versions/0bfa3df9e3718e26/files/c7e001ad1bcb44a6277a07ce2f1a15e5fce41d792b7b6ffe66ab01a64b75d440 [stream]
[debug] [2022-03-08T21:13:08.726Z] <<< [apiv2][status] POST https://upload-firebasehosting.googleapis.com/upload/sites/portfolio-emmeline-martens-en/versions/0bfa3df9e3718e26/files/32e9a9906a704a5889a4d069c23ad5215d7174a7419d9c40344d354141001677 200
[debug] [2022-03-08T21:13:08.726Z] <<< [apiv2][body] POST https://upload-firebasehosting.googleapis.com/upload/sites/portfolio-emmeline-martens-en/versions/0bfa3df9e3718e26/files/32e9a9906a704a5889a4d069c23ad5215d7174a7419d9c40344d354141001677 [stream]
[debug] [2022-03-08T21:13:08.737Z] <<< [apiv2][status] POST https://upload-firebasehosting.googleapis.com/upload/sites/portfolio-emmeline-martens-en/versions/0bfa3df9e3718e26/files/10cbeb16077a6ff49845eda5ec9a5a7e888ff74570479d4f1721601ec56ec81e 200
[debug] [2022-03-08T21:13:08.737Z] <<< [apiv2][body] POST https://upload-firebasehosting.googleapis.com/upload/sites/portfolio-emmeline-martens-en/versions/0bfa3df9e3718e26/files/10cbeb16077a6ff49845eda5ec9a5a7e888ff74570479d4f1721601ec56ec81e [stream]
[debug] [2022-03-08T21:13:08.788Z] <<< [apiv2][status] POST https://upload-firebasehosting.googleapis.com/upload/sites/portfolio-emmeline-martens-en/versions/0bfa3df9e3718e26/files/6bb9d4c4364eedae98e920e8b649d2da241623990acb80849ee0c6fb2cb6d256 200
[debug] [2022-03-08T21:13:08.788Z] <<< [apiv2][body] POST https://upload-firebasehosting.googleapis.com/upload/sites/portfolio-emmeline-martens-en/versions/0bfa3df9e3718e26/files/6bb9d4c4364eedae98e920e8b649d2da241623990acb80849ee0c6fb2cb6d256 [stream]
[debug] [2022-03-08T21:13:08.800Z] <<< [apiv2][status] POST https://upload-firebasehosting.googleapis.com/upload/sites/portfolio-emmeline-martens-en/versions/0bfa3df9e3718e26/files/1d49ca9cba7e05427ec50089209580941bfabe75c8df1394feb52081daba12f7 200
[debug] [2022-03-08T21:13:08.801Z] <<< [apiv2][body] POST https://upload-firebasehosting.googleapis.com/upload/sites/portfolio-emmeline-martens-en/versions/0bfa3df9e3718e26/files/1d49ca9cba7e05427ec50089209580941bfabe75c8df1394feb52081daba12f7 [stream]
[debug] [2022-03-08T21:13:09.284Z] <<< [apiv2][status] POST https://upload-firebasehosting.googleapis.com/upload/sites/portfolio-emmeline-martens-en/versions/0bfa3df9e3718e26/files/700854ff31fe916ee5c4007a7807e0464b26e2c09dc00c7591bcffa60265a981 200
[debug] [2022-03-08T21:13:09.284Z] <<< [apiv2][body] POST https://upload-firebasehosting.googleapis.com/upload/sites/portfolio-emmeline-martens-en/versions/0bfa3df9e3718e26/files/700854ff31fe916ee5c4007a7807e0464b26e2c09dc00c7591bcffa60265a981 [stream]
[debug] [2022-03-08T21:13:09.420Z] <<< [apiv2][status] POST https://upload-firebasehosting.googleapis.com/upload/sites/portfolio-emmeline-martens-en/versions/0bfa3df9e3718e26/files/50b382e60f936c519a47bcdc7e0fd539fcb6f98ae04471d9c86de75009110abe 200
[debug] [2022-03-08T21:13:09.420Z] <<< [apiv2][body] POST https://upload-firebasehosting.googleapis.com/upload/sites/portfolio-emmeline-martens-en/versions/0bfa3df9e3718e26/files/50b382e60f936c519a47bcdc7e0fd539fcb6f98ae04471d9c86de75009110abe [stream]
[debug] [2022-03-08T21:13:09.422Z] <<< [apiv2][status] POST https://upload-firebasehosting.googleapis.com/upload/sites/portfolio-emmeline-martens-en/versions/0bfa3df9e3718e26/files/fcd7c6259a4b00dca41619e6a9175c07bbe79048c0f51fcd76d4bf692623bb9d 200
[debug] [2022-03-08T21:13:09.423Z] <<< [apiv2][body] POST https://upload-firebasehosting.googleapis.com/upload/sites/portfolio-emmeline-martens-en/versions/0bfa3df9e3718e26/files/fcd7c6259a4b00dca41619e6a9175c07bbe79048c0f51fcd76d4bf692623bb9d [stream]
[debug] [2022-03-08T21:13:09.512Z] <<< [apiv2][status] POST https://upload-firebasehosting.googleapis.com/upload/sites/portfolio-emmeline-martens-en/versions/0bfa3df9e3718e26/files/02dc46af3b1515b38299576da7d7bd9b48d25d55b0a51c6974dd5b30126992fc 200
[debug] [2022-03-08T21:13:09.513Z] <<< [apiv2][body] POST https://upload-firebasehosting.googleapis.com/upload/sites/portfolio-emmeline-martens-en/versions/0bfa3df9e3718e26/files/02dc46af3b1515b38299576da7d7bd9b48d25d55b0a51c6974dd5b30126992fc [stream]
[debug] [2022-03-08T21:13:09.538Z] <<< [apiv2][status] POST https://upload-firebasehosting.googleapis.com/upload/sites/portfolio-emmeline-martens-en/versions/0bfa3df9e3718e26/files/e41f0b41ad3df5449e874a6ff515fb8b1d4f772802623e3ce08ca89446a0e030 200
[debug] [2022-03-08T21:13:09.539Z] <<< [apiv2][body] POST https://upload-firebasehosting.googleapis.com/upload/sites/portfolio-emmeline-martens-en/versions/0bfa3df9e3718e26/files/e41f0b41ad3df5449e874a6ff515fb8b1d4f772802623e3ce08ca89446a0e030 [stream]
[debug] [2022-03-08T21:13:10.456Z] <<< [apiv2][status] POST https://upload-firebasehosting.googleapis.com/upload/sites/portfolio-emmeline-martens-en/versions/0bfa3df9e3718e26/files/d5f35d5d929fb890d9fa99dd4a78e572223f534f55e5e353ca5a544d34fb6e1e 200
[debug] [2022-03-08T21:13:10.456Z] <<< [apiv2][body] POST https://upload-firebasehosting.googleapis.com/upload/sites/portfolio-emmeline-martens-en/versions/0bfa3df9e3718e26/files/d5f35d5d929fb890d9fa99dd4a78e572223f534f55e5e353ca5a544d34fb6e1e [stream]
[debug] [2022-03-08T21:13:10.591Z] <<< [apiv2][status] POST https://upload-firebasehosting.googleapis.com/upload/sites/portfolio-emmeline-martens-en/versions/0bfa3df9e3718e26/files/e86ada00b85341de13cb504990b74dd4a528fc00ded83421c7bff2accdae49ee 200
[debug] [2022-03-08T21:13:10.591Z] <<< [apiv2][body] POST https://upload-firebasehosting.googleapis.com/upload/sites/portfolio-emmeline-martens-en/versions/0bfa3df9e3718e26/files/e86ada00b85341de13cb504990b74dd4a528fc00ded83421c7bff2accdae49ee [stream]
[debug] [2022-03-08T21:13:11.304Z] <<< [apiv2][status] POST https://upload-firebasehosting.googleapis.com/upload/sites/portfolio-emmeline-martens-en/versions/0bfa3df9e3718e26/files/7f76636cda6c016800f236c8d0b9ef0d418164df1b825058536f6df106609ab8 200
[debug] [2022-03-08T21:13:11.304Z] <<< [apiv2][body] POST https://upload-firebasehosting.googleapis.com/upload/sites/portfolio-emmeline-martens-en/versions/0bfa3df9e3718e26/files/7f76636cda6c016800f236c8d0b9ef0d418164df1b825058536f6df106609ab8 [stream]
[debug] [2022-03-08T21:13:12.824Z] <<< [apiv2][status] POST https://upload-firebasehosting.googleapis.com/upload/sites/portfolio-emmeline-martens-en/versions/0bfa3df9e3718e26/files/624763f42ba61ce251c59153f6c14f58588aaf668c27c73ee682493b3cd8fe1c 200
[debug] [2022-03-08T21:13:12.825Z] <<< [apiv2][body] POST https://upload-firebasehosting.googleapis.com/upload/sites/portfolio-emmeline-martens-en/versions/0bfa3df9e3718e26/files/624763f42ba61ce251c59153f6c14f58588aaf668c27c73ee682493b3cd8fe1c [stream]
[debug] [2022-03-08T21:13:12.998Z] <<< [apiv2][status] POST https://upload-firebasehosting.googleapis.com/upload/sites/portfolio-emmeline-martens-en/versions/0bfa3df9e3718e26/files/713686390d4f8e0e22d91b99dffaa37145e141d0096d1f9f6bd859da8576b11a 200
[debug] [2022-03-08T21:13:12.998Z] <<< [apiv2][body] POST https://upload-firebasehosting.googleapis.com/upload/sites/portfolio-emmeline-martens-en/versions/0bfa3df9e3718e26/files/713686390d4f8e0e22d91b99dffaa37145e141d0096d1f9f6bd859da8576b11a [stream]
[debug] [2022-03-08T21:13:13.796Z] <<< [apiv2][status] POST https://upload-firebasehosting.googleapis.com/upload/sites/portfolio-emmeline-martens-en/versions/0bfa3df9e3718e26/files/8de104f3bc1d67e3f5a46a27de130b47aaf002a60159d1afcdc42db3e1173135 200
[debug] [2022-03-08T21:13:13.796Z] <<< [apiv2][body] POST https://upload-firebasehosting.googleapis.com/upload/sites/portfolio-emmeline-martens-en/versions/0bfa3df9e3718e26/files/8de104f3bc1d67e3f5a46a27de130b47aaf002a60159d1afcdc42db3e1173135 [stream]
[debug] [2022-03-08T21:13:15.313Z] <<< [apiv2][status] POST https://upload-firebasehosting.googleapis.com/upload/sites/portfolio-emmeline-martens-en/versions/0bfa3df9e3718e26/files/e8ed86d5492ea32e5b4bdbd2b87f52f00642714a28b3df7723e2d7413252baaa 200
[debug] [2022-03-08T21:13:15.313Z] <<< [apiv2][body] POST https://upload-firebasehosting.googleapis.com/upload/sites/portfolio-emmeline-martens-en/versions/0bfa3df9e3718e26/files/e8ed86d5492ea32e5b4bdbd2b87f52f00642714a28b3df7723e2d7413252baaa [stream]
[debug] [2022-03-08T21:13:17.130Z] <<< [apiv2][status] POST https://upload-firebasehosting.googleapis.com/upload/sites/portfolio-emmeline-martens-en/versions/0bfa3df9e3718e26/files/a7a41206df49a143dd54af1f1db3dd1588c3f6f1e910c3d5ac1d8e8822395723 200
[debug] [2022-03-08T21:13:17.131Z] <<< [apiv2][body] POST https://upload-firebasehosting.googleapis.com/upload/sites/portfolio-emmeline-martens-en/versions/0bfa3df9e3718e26/files/a7a41206df49a143dd54af1f1db3dd1588c3f6f1e910c3d5ac1d8e8822395723 [stream]
[debug] [2022-03-08T21:13:21.872Z] <<< [apiv2][status] POST https://upload-firebasehosting.googleapis.com/upload/sites/portfolio-emmeline-martens-en/versions/0bfa3df9e3718e26/files/941bfd095929ae4e0af7e45d94ff6d84432e4c3fba3b4c22d7693d3422184fa5 200
[debug] [2022-03-08T21:13:21.874Z] <<< [apiv2][body] POST https://upload-firebasehosting.googleapis.com/upload/sites/portfolio-emmeline-martens-en/versions/0bfa3df9e3718e26/files/941bfd095929ae4e0af7e45d94ff6d84432e4c3fba3b4c22d7693d3422184fa5 [stream]
[debug] [2022-03-08T21:13:23.351Z] <<< [apiv2][status] POST https://upload-firebasehosting.googleapis.com/upload/sites/portfolio-emmeline-martens-en/versions/0bfa3df9e3718e26/files/66092d5ba636179222ce4e2363236156478b8bfa6cb1606d9493994df64d9342 200
[debug] [2022-03-08T21:13:23.351Z] <<< [apiv2][body] POST https://upload-firebasehosting.googleapis.com/upload/sites/portfolio-emmeline-martens-en/versions/0bfa3df9e3718e26/files/66092d5ba636179222ce4e2363236156478b8bfa6cb1606d9493994df64d9342 [stream]
[debug] [2022-03-08T21:14:13.560Z] <<< [apiv2][status] POST https://upload-firebasehosting.googleapis.com/upload/sites/portfolio-emmeline-martens-en/versions/0bfa3df9e3718e26/files/4692f549d56fbc552d9121fdd25870f71c821632c41238222ccb510ce6fe0a47 200
[debug] [2022-03-08T21:14:13.563Z] <<< [apiv2][body] POST https://upload-firebasehosting.googleapis.com/upload/sites/portfolio-emmeline-martens-en/versions/0bfa3df9e3718e26/files/4692f549d56fbc552d9121fdd25870f71c821632c41238222ccb510ce6fe0a47 [stream]
[debug] [2022-03-08T21:14:25.103Z] <<< [apiv2][status] POST https://upload-firebasehosting.googleapis.com/upload/sites/portfolio-emmeline-martens-en/versions/0bfa3df9e3718e26/files/b61b69cdab28d95c4cf80f71ef6874cad4a6572c11ee83df7267eb6995c805cd 200
[debug] [2022-03-08T21:14:25.105Z] <<< [apiv2][body] POST https://upload-firebasehosting.googleapis.com/upload/sites/portfolio-emmeline-martens-en/versions/0bfa3df9e3718e26/files/b61b69cdab28d95c4cf80f71ef6874cad4a6572c11ee83df7267eb6995c805cd [stream]
